2024-02-28T22:12:06.465-03:00  INFO 20636 --- [restartedMain] b.com.e2dp.msclient.MsClientApplication  : Starting MsClientApplication using Java 19.0.2 with PID 20636 (E:\User\francisco\git\ms-client\build\classes\java\main started by Francisco Araujo in E:\User\francisco\git\ms-client)
2024-02-28T22:12:06.474-03:00  INFO 20636 --- [restartedMain] b.com.e2dp.msclient.MsClientApplication  : No active profile set, falling back to 1 default profile: "default"
2024-02-28T22:12:06.552-03:00  INFO 20636 --- [restartedMain] .e.DevToolsPropertyDefaultsPostProcessor : Devtools property defaults active! Set 'spring.devtools.add-properties' to 'false' to disable
2024-02-28T22:12:06.552-03:00  INFO 20636 --- [restartedMain] .e.DevToolsPropertyDefaultsPostProcessor : For additional web related logging consider setting the 'logging.level.web' property to 'DEBUG'
2024-02-28T22:12:08.222-03:00  INFO 20636 --- [restartedMain] .s.d.r.c.RepositoryConfigurationDelegate : Bootstrapping Spring Data JPA repositories in DEFAULT mode.
2024-02-28T22:12:08.403-03:00  INFO 20636 --- [restartedMain] .s.d.r.c.RepositoryConfigurationDelegate : Finished Spring Data repository scanning in 172 ms. Found 1 JPA repository interfaces.
2024-02-28T22:12:08.779-03:00  INFO 20636 --- [restartedMain] o.s.cloud.context.scope.GenericScope     : BeanFactory id=4e675a42-7cb2-3246-bab7-b1130f672d66
2024-02-28T22:12:09.760-03:00  INFO 20636 --- [restartedMain] o.s.b.w.embedded.tomcat.TomcatWebServer  : Tomcat initialized with port(s): 0 (http)
2024-02-28T22:12:09.777-03:00  INFO 20636 --- [restartedMain] o.apache.catalina.core.StandardService   : Starting service [Tomcat]
2024-02-28T22:12:09.777-03:00  INFO 20636 --- [restartedMain] o.apache.catalina.core.StandardEngine    : Starting Servlet engine: [Apache Tomcat/10.1.12]
2024-02-28T22:12:09.913-03:00  INFO 20636 --- [restartedMain] o.a.c.c.C.[Tomcat].[localhost].[/]       : Initializing Spring embedded WebApplicationContext
2024-02-28T22:12:09.914-03:00  INFO 20636 --- [restartedMain] w.s.c.ServletWebServerApplicationContext : Root WebApplicationContext: initialization completed in 3331 ms
2024-02-28T22:12:10.376-03:00  INFO 20636 --- [restartedMain] o.hibernate.jpa.internal.util.LogHelper  : HHH000204: Processing PersistenceUnitInfo [name: default]
2024-02-28T22:12:10.471-03:00  INFO 20636 --- [restartedMain] org.hibernate.Version                    : HHH000412: Hibernate ORM core version 6.2.7.Final
2024-02-28T22:12:10.474-03:00  INFO 20636 --- [restartedMain] org.hibernate.cfg.Environment            : HHH000406: Using bytecode reflection optimizer
2024-02-28T22:12:10.742-03:00  INFO 20636 --- [restartedMain] o.h.b.i.BytecodeProviderInitiator        : HHH000021: Bytecode provider name : bytebuddy
2024-02-28T22:12:11.011-03:00  INFO 20636 --- [restartedMain] o.s.o.j.p.SpringPersistenceUnitInfo      : No LoadTimeWeaver setup: ignoring JPA class transformer
2024-02-28T22:12:11.040-03:00  INFO 20636 --- [restartedMain] com.zaxxer.hikari.HikariDataSource       : HikariPool-1 - Starting...
2024-02-28T22:12:11.487-03:00  INFO 20636 --- [restartedMain] com.zaxxer.hikari.pool.HikariPool        : HikariPool-1 - Added connection org.postgresql.jdbc.PgConnection@24aa4caa
2024-02-28T22:12:11.490-03:00  INFO 20636 --- [restartedMain] com.zaxxer.hikari.HikariDataSource       : HikariPool-1 - Start completed.
2024-02-28T22:12:11.832-03:00  INFO 20636 --- [restartedMain] o.h.b.i.BytecodeProviderInitiator        : HHH000021: Bytecode provider name : bytebuddy
2024-02-28T22:12:12.522-03:00  INFO 20636 --- [restartedMain] o.h.e.t.j.p.i.JtaPlatformInitiator       : HHH000490: Using JtaPlatform implementation: [org.hibernate.engine.transaction.jta.platform.internal.NoJtaPlatform]
2024-02-28T22:12:12.697-03:00  INFO 20636 --- [restartedMain] j.LocalContainerEntityManagerFactoryBean : Initialized JPA EntityManagerFactory for persistence unit 'default'
2024-02-28T22:12:13.337-03:00  WARN 20636 --- [restartedMain] JpaBaseConfiguration$JpaWebConfiguration : spring.jpa.open-in-view is enabled by default. Therefore, database queries may be performed during view rendering. Explicitly configure spring.jpa.open-in-view to disable this warning
2024-02-28T22:12:14.305-03:00  WARN 20636 --- [restartedMain] o.s.b.d.a.OptionalLiveReloadServer       : Unable to start LiveReload server
2024-02-28T22:12:14.541-03:00  INFO 20636 --- [restartedMain] DiscoveryClientOptionalArgsConfiguration : Eureka HTTP Client uses RestTemplate.
2024-02-28T22:12:14.596-03:00  WARN 20636 --- [restartedMain] iguration$LoadBalancerCaffeineWarnLogger : Spring Cloud LoadBalancer is currently working with the default cache. While this cache implementation is useful for development and tests, it's recommended to use Caffeine cache in production.You can switch to using Caffeine cache, by adding it and org.springframework.cache.caffeine.CaffeineCacheManager to the classpath.
2024-02-28T22:12:14.607-03:00  INFO 20636 --- [restartedMain] o.s.b.a.e.web.EndpointLinksResolver      : Exposing 17 endpoint(s) beneath base path '/actuator'
2024-02-28T22:12:14.722-03:00  INFO 20636 --- [restartedMain] o.s.b.w.embedded.tomcat.TomcatWebServer  : Tomcat started on port(s): 62970 (http) with context path ''
2024-02-28T22:12:14.724-03:00  INFO 20636 --- [restartedMain] .s.c.n.e.s.EurekaAutoServiceRegistration : Updating port to 62970
2024-02-28T22:12:14.730-03:00  INFO 20636 --- [restartedMain] o.s.c.n.eureka.InstanceInfoFactory       : Setting initial instance status as: STARTING
2024-02-28T22:12:14.855-03:00  INFO 20636 --- [restartedMain] com.netflix.discovery.DiscoveryClient    : Initializing Eureka in region us-east-1
2024-02-28T22:12:14.861-03:00  INFO 20636 --- [restartedMain] c.n.d.s.r.aws.ConfigClusterResolver      : Resolving eureka endpoints via configuration
2024-02-28T22:12:14.895-03:00  INFO 20636 --- [restartedMain] com.netflix.discovery.DiscoveryClient    : Disable delta property : false
2024-02-28T22:12:14.895-03:00  INFO 20636 --- [restartedMain] com.netflix.discovery.DiscoveryClient    : Single vip registry refresh property : null
2024-02-28T22:12:14.895-03:00  INFO 20636 --- [restartedMain] com.netflix.discovery.DiscoveryClient    : Force full registry fetch : false
2024-02-28T22:12:14.896-03:00  INFO 20636 --- [restartedMain] com.netflix.discovery.DiscoveryClient    : Application is null : false
2024-02-28T22:12:14.896-03:00  INFO 20636 --- [restartedMain] com.netflix.discovery.DiscoveryClient    : Registered Applications size is zero : true
2024-02-28T22:12:14.896-03:00  INFO 20636 --- [restartedMain] com.netflix.discovery.DiscoveryClient    : Application version is -1: true
2024-02-28T22:12:14.896-03:00  INFO 20636 --- [restartedMain] com.netflix.discovery.DiscoveryClient    : Getting all instance registry info from the eureka server
2024-02-28T22:12:15.314-03:00  INFO 20636 --- [restartedMain] com.netflix.discovery.DiscoveryClient    : The response status is 200
2024-02-28T22:12:15.317-03:00  INFO 20636 --- [restartedMain] com.netflix.discovery.DiscoveryClient    : Starting heartbeat executor: renew interval is: 30
2024-02-28T22:12:15.320-03:00  INFO 20636 --- [restartedMain] c.n.discovery.InstanceInfoReplicator     : InstanceInfoReplicator onDemand update allowed rate per min is 4
2024-02-28T22:12:15.328-03:00  INFO 20636 --- [restartedMain] com.netflix.discovery.DiscoveryClient    : Discovery Client initialized at timestamp 1709169135326 with initial instances count: 3
2024-02-28T22:12:15.331-03:00  INFO 20636 --- [restartedMain] o.s.c.n.e.s.EurekaServiceRegistry        : Registering application MS-CLIENT with eureka with status UP
2024-02-28T22:12:15.332-03:00  INFO 20636 --- [restartedMain] com.netflix.discovery.DiscoveryClient    : Saw local status change event StatusChangeEvent [timestamp=1709169135332, current=UP, previous=STARTING]
2024-02-28T22:12:15.335-03:00  INFO 20636 --- [DiscoveryClient-InstanceInfoReplicator-0] com.netflix.discovery.DiscoveryClient    : DiscoveryClient_MS-CLIENT/ms-client:08dba36c2e696590605a0677e541bfb1: registering service...
2024-02-28T22:12:15.387-03:00  INFO 20636 --- [DiscoveryClient-InstanceInfoReplicator-0] com.netflix.discovery.DiscoveryClient    : DiscoveryClient_MS-CLIENT/ms-client:08dba36c2e696590605a0677e541bfb1 - registration status: 204
2024-02-28T22:12:15.658-03:00  INFO 20636 --- [restartedMain] b.com.e2dp.msclient.MsClientApplication  : Started MsClientApplication in 10.188 seconds (process running for 10.976)
2024-02-28T22:17:14.909-03:00  INFO 20636 --- [AsyncResolver-bootstrap-executor-0] c.n.d.s.r.aws.ConfigClusterResolver      : Resolving eureka endpoints via configuration
2024-02-28T22:21:48.380-03:00  INFO 20636 --- [http-nio-auto-1-exec-1] o.a.c.c.C.[Tomcat].[localhost].[/]       : Initializing Spring DispatcherServlet 'dispatcherServlet'
2024-02-28T22:21:48.380-03:00  INFO 20636 --- [http-nio-auto-1-exec-1] o.s.web.servlet.DispatcherServlet        : Initializing Servlet 'dispatcherServlet'
2024-02-28T22:21:48.390-03:00  INFO 20636 --- [http-nio-auto-1-exec-1] o.s.web.servlet.DispatcherServlet        : Completed initialization in 10 ms
2024-02-28T22:22:14.922-03:00  INFO 20636 --- [AsyncResolver-bootstrap-executor-0] c.n.d.s.r.aws.ConfigClusterResolver      : Resolving eureka endpoints via configuration
2024-02-28T22:27:14.933-03:00  INFO 20636 --- [AsyncResolver-bootstrap-executor-0] c.n.d.s.r.aws.ConfigClusterResolver      : Resolving eureka endpoints via configuration
2024-02-28T22:32:14.939-03:00  INFO 20636 --- [AsyncResolver-bootstrap-executor-0] c.n.d.s.r.aws.ConfigClusterResolver      : Resolving eureka endpoints via configuration
2024-02-28T22:37:14.954-03:00  INFO 20636 --- [AsyncResolver-bootstrap-executor-0] c.n.d.s.r.aws.ConfigClusterResolver      : Resolving eureka endpoints via configuration
2024-02-28T22:42:14.963-03:00  INFO 20636 --- [AsyncResolver-bootstrap-executor-0] c.n.d.s.r.aws.ConfigClusterResolver      : Resolving eureka endpoints via configuration
2024-02-28T22:47:14.977-03:00  INFO 20636 --- [AsyncResolver-bootstrap-executor-0] c.n.d.s.r.aws.ConfigClusterResolver      : Resolving eureka endpoints via configuration
2024-02-28T22:52:14.991-03:00  INFO 20636 --- [AsyncResolver-bootstrap-executor-0] c.n.d.s.r.aws.ConfigClusterResolver      : Resolving eureka endpoints via configuration
2024-02-28T22:57:15.012-03:00  INFO 20636 --- [AsyncResolver-bootstrap-executor-0] c.n.d.s.r.aws.ConfigClusterResolver      : Resolving eureka endpoints via configuration
2024-02-28T23:02:15.020-03:00  INFO 20636 --- [AsyncResolver-bootstrap-executor-0] c.n.d.s.r.aws.ConfigClusterResolver      : Resolving eureka endpoints via configuration
2024-02-28T23:07:15.029-03:00  INFO 20636 --- [AsyncResolver-bootstrap-executor-0] c.n.d.s.r.aws.ConfigClusterResolver      : Resolving eureka endpoints via configuration
2024-02-28T23:12:15.037-03:00  INFO 20636 --- [AsyncResolver-bootstrap-executor-0] c.n.d.s.r.aws.ConfigClusterResolver      : Resolving eureka endpoints via configuration
2024-02-28T23:17:15.050-03:00  INFO 20636 --- [AsyncResolver-bootstrap-executor-0] c.n.d.s.r.aws.ConfigClusterResolver      : Resolving eureka endpoints via configuration
2024-02-28T23:22:15.085-03:00  INFO 20636 --- [AsyncResolver-bootstrap-executor-0] c.n.d.s.r.aws.ConfigClusterResolver      : Resolving eureka endpoints via configuration
2024-02-28T23:27:15.092-03:00  INFO 20636 --- [AsyncResolver-bootstrap-executor-0] c.n.d.s.r.aws.ConfigClusterResolver      : Resolving eureka endpoints via configuration
